Log file open, 03/30/20 14:24:53
LogWindows: Failed to load 'aqProf.dll' (GetLastError=126)
LogWindows: File 'aqProf.dll' does not exist
LogWindows: Failed to load 'VtuneApi.dll' (GetLastError=126)
LogWindows: File 'VtuneApi.dll' does not exist
LogWindows: Failed to load 'VtuneApi32e.dll' (GetLastError=126)
LogWindows: File 'VtuneApi32e.dll' does not exist
LogConsoleResponse: Display: Failed to find resolution value strings in scalability ini. Falling back to default.
LogInit: Display: Running engine for game: DishGame
LogPlatformFile: Not using cached read wrapper
LogTaskGraph: Started task graph with 5 named threads and 23 total threads with 3 sets of task threads.
LogStats: Stats thread started at 0.311357
LogD3D11RHI: Loaded GFSDK_Aftermath_Lib.x64.dll
LogICUInternationalization: ICU TimeZone Detection - Raw Offset: +1:00, Platform Override: ''
LogPluginManager: Mounting plugin Paper2D
LogPluginManager: Mounting plugin AISupport
LogPluginManager: Mounting plugin LightPropagationVolume
LogPluginManager: Mounting plugin ActorLayerUtilities
LogPluginManager: Mounting plugin AnimationSharing
LogPluginManager: Mounting plugin CLionSourceCodeAccess
LogPluginManager: Mounting plugin CodeLiteSourceCodeAccess
LogPluginManager: Mounting plugin GitSourceControl
LogPluginManager: Mounting plugin KDevelopSourceCodeAccess
LogPluginManager: Mounting plugin NullSourceCodeAccess
LogPluginManager: Mounting plugin PerforceSourceControl
LogPluginManager: Mounting plugin PlasticSourceControl
LogPluginManager: Mounting plugin SubversionSourceControl
LogPluginManager: Mounting plugin UObjectPlugin
LogPluginManager: Mounting plugin VisualStudioCodeSourceCodeAccess
LogPluginManager: Mounting plugin VisualStudioSourceCodeAccess
LogPluginManager: Mounting plugin XCodeSourceCodeAccess
LogPluginManager: Mounting plugin AssetManagerEditor
LogPluginManager: Mounting plugin CryptoKeys
LogPluginManager: Mounting plugin CurveEditorTools
LogPluginManager: Mounting plugin DataValidation
LogPluginManager: Mounting plugin FacialAnimation
LogPluginManager: Mounting plugin GameplayTagsEditor
LogPluginManager: Mounting plugin MacGraphicsSwitching
LogPluginManager: Mounting plugin MaterialAnalyzer
LogPluginManager: Mounting plugin MobileLauncherProfileWizard
LogPluginManager: Mounting plugin PluginBrowser
LogPluginManager: Mounting plugin SpeedTreeImporter
LogPluginManager: Mounting plugin DatasmithContent
LogPluginManager: Mounting plugin VariantManagerContent
LogPluginManager: Mounting plugin AlembicImporter
LogPluginManager: Mounting plugin AutomationUtils
LogPluginManager: Mounting plugin BackChannel
LogPluginManager: Mounting plugin CharacterAI
LogPluginManager: Mounting plugin GeometryCache
LogPluginManager: Mounting plugin PlatformCrypto
LogPluginManager: Mounting plugin ProxyLODPlugin
LogPluginManager: Mounting plugin SkeletalReduction
LogPluginManager: Mounting plugin MagicLeap
LogPluginManager: Mounting plugin MagicLeapMedia
LogPluginManager: Mounting plugin MLSDK
LogPluginManager: Mounting plugin AndroidMedia
LogPluginManager: Mounting plugin AvfMedia
LogPluginManager: Mounting plugin ImgMedia
LogPluginManager: Mounting plugin MediaCompositing
LogPluginManager: Mounting plugin MediaPlayerEditor
LogPluginManager: Mounting plugin WebMMedia
LogPluginManager: Mounting plugin WmfMedia
LogPluginManager: Mounting plugin TcpMessaging
LogPluginManager: Mounting plugin UdpMessaging
LogPluginManager: Mounting plugin ActorSequence
LogPluginManager: Mounting plugin LevelSequenceEditor
LogPluginManager: Mounting plugin MatineeToLevelSequence
LogPluginManager: Mounting plugin NetcodeUnitTest
LogPluginManager: Mounting plugin NUTUnrealEngine4
LogPluginManager: Mounting plugin OnlineSubsystemGooglePlay
LogPluginManager: Mounting plugin OnlineSubsystemIOS
LogPluginManager: Mounting plugin OnlineSubsystem
LogPluginManager: Mounting plugin OnlineSubsystemNull
LogPluginManager: Mounting plugin OnlineSubsystemUtils
LogPluginManager: Mounting plugin LauncherChunkInstaller
LogPluginManager: Mounting plugin AndroidDeviceProfileSelector
LogPluginManager: Mounting plugin AndroidMoviePlayer
LogPluginManager: Mounting plugin AndroidPermission
LogPluginManager: Mounting plugin AppleImageUtils
LogPluginManager: Mounting plugin AppleMoviePlayer
LogPluginManager: Mounting plugin ArchVisCharacter
LogPluginManager: Mounting plugin AssetTags
LogPluginManager: Mounting plugin AudioCapture
LogPluginManager: Mounting plugin CableComponent
LogPluginManager: Mounting plugin CustomMeshComponent
LogPluginManager: Mounting plugin EditableMesh
LogPluginManager: Mounting plugin ExampleDeviceProfileSelector
LogPluginManager: Mounting plugin GoogleCloudMessaging
LogPluginManager: Mounting plugin IOSDeviceProfileSelector
LogPluginManager: Mounting plugin LinuxDeviceProfileSelector
LogPluginManager: Mounting plugin LocationServicesBPLibrary
LogPluginManager: Mounting plugin MobilePatchingUtils
LogPluginManager: Mounting plugin OculusVR
LogPluginManager: Mounting plugin PhysXVehicles
LogPluginManager: Mounting plugin PostSplashScreen
LogPluginManager: Mounting plugin ProceduralMeshComponent
LogPluginManager: Mounting plugin RuntimePhysXCooking
LogPluginManager: Mounting plugin SignificanceManager
LogPluginManager: Mounting plugin SteamVR
LogPluginManager: Mounting plugin WebMMoviePlayer
LogPluginManager: Mounting plugin WindowsMoviePlayer
LogPluginManager: Mounting plugin ScreenshotTools
LogInit: Using libcurl 7.55.1-DEV
LogInit:  - built for x86_64-pc-win32
LogInit:  - supports SSL with OpenSSL/1.1.1
LogInit:  - supports HTTP deflate (compression) using libz 1.2.8
LogInit:  - other features:
LogInit:      CURL_VERSION_SSL
LogInit:      CURL_VERSION_LIBZ
LogInit:      CURL_VERSION_IPV6
LogInit:      CURL_VERSION_ASYNCHDNS
LogInit:      CURL_VERSION_LARGEFILE
LogInit:      CURL_VERSION_IDN
LogInit:  CurlRequestOptions (configurable via config and command line):
LogInit:  - bVerifyPeer = true  - Libcurl will verify peer certificate
LogInit:  - bUseHttpProxy = false  - Libcurl will NOT use HTTP proxy
LogInit:  - bDontReuseConnections = false  - Libcurl will reuse connections
LogInit:  - MaxHostConnections = 16  - Libcurl will limit the number of connections to a host
LogInit:  - LocalHostAddr = Default
LogInit:  - BufferSize = 65536
LogOnline: OSS: Creating online subsystem instance for: NULL
LogInit: WinSock: version 1.1 (2.2), MaxSocks=32767, MaxUdp=65467
LogOnline: OSS: TryLoadSubsystemAndSetDefault: Loaded subsystem for module [NULL]
LogHMD: Failed initializing OVRPlugin 1.40.0
LogInit: Build: ++UE4+Release-4.24-CL-11590370
LogInit: Engine Version: 4.24.3-11590370+++UE4+Release-4.24
LogInit: Compatible Engine Version: 4.24.0-10570792+++UE4+Release-4.24
LogInit: Net CL: 10570792
LogInit: OS: Windows 10 (Release 1909) (), CPU: Intel(R) Core(TM) i7-4770 CPU @ 3.40GHz, GPU: NVIDIA GeForce GTX 770
LogInit: Compiled (64-bit): Feb 24 2020 15:39:18
LogInit: Compiled with Visual C++: 19.16.27032.01
LogInit: Build Configuration: Development
LogInit: Branch Name: ++UE4+Release-4.24
LogInit: Command Line: 
LogInit: Base Directory: C:/Program Files/Epic Games/UE_4.24/Engine/Binaries/Win64/
LogInit: Installed Engine Build: 1
LogDevObjectVersion: Number of dev versions registered: 25
LogDevObjectVersion:   Dev-Blueprints (B0D832E4-1F89-4F0D-ACCF-7EB736FD4AA2): 10
LogDevObjectVersion:   Dev-Build (E1C64328-A22C-4D53-A36C-8E866417BD8C): 0
LogDevObjectVersion:   Dev-Core (375EC13C-06E4-48FB-B500-84F0262A717E): 3
LogDevObjectVersion:   Dev-Editor (E4B068ED-F494-42E9-A231-DA0B2E46BB41): 37
LogDevObjectVersion:   Dev-Framework (CFFC743F-43B0-4480-9391-14DF171D2073): 36
LogDevObjectVersion:   Dev-Mobile (B02B49B5-BB20-44E9-A304-32B752E40360): 2
LogDevObjectVersion:   Dev-Networking (A4E4105C-59A1-49B5-A7C5-40C4547EDFEE): 0
LogDevObjectVersion:   Dev-Online (39C831C9-5AE6-47DC-9A44-9C173E1C8E7C): 0
LogDevObjectVersion:   Dev-Physics (78F01B33-EBEA-4F98-B9B4-84EACCB95AA2): 2
LogDevObjectVersion:   Dev-Platform (6631380F-2D4D-43E0-8009-CF276956A95A): 0
LogDevObjectVersion:   Dev-Rendering (12F88B9F-8875-4AFC-A67C-D90C383ABD29): 36
LogDevObjectVersion:   Dev-Sequencer (7B5AE74C-D270-4C10-A958-57980B212A5A): 11
LogDevObjectVersion:   Dev-VR (D7296918-1DD6-4BDD-9DE2-64A83CC13884): 2
LogDevObjectVersion:   Dev-LoadTimes (C2A15278-BFE7-4AFE-6C17-90FF531DF755): 1
LogDevObjectVersion:   Private-Geometry (6EACA3D4-40EC-4CC1-B786-8BED09428FC5): 3
LogDevObjectVersion:   Dev-AnimPhys (29E575DD-E0A3-4627-9D10-D276232CDCEA): 17
LogDevObjectVersion:   Dev-Anim (AF43A65D-7FD3-4947-9873-3E8ED9C1BB05): 2
LogDevObjectVersion:   Dev-ReflectionCapture (6B266CEC-1EC7-4B8F-A30B-E4D90942FC07): 1
LogDevObjectVersion:   Dev-Automation (0DF73D61-A23F-47EA-B727-89E90C41499A): 1
LogDevObjectVersion:   FortniteMain (601D1886-AC64-4F84-AA16-D3DE0DEAC7D6): 31
LogDevObjectVersion:   Dev-Enterprise (9DFFBCD6-494F-0158-E221-12823C92A888): 8
LogDevObjectVersion:   Dev-Niagara (F2AED0AC-9AFE-416F-8664-AA7FFA26D6FC): 1
LogDevObjectVersion:   Dev-Destruction (174F1F0B-B4C6-45A5-B13F-2EE8D0FB917D): 9
LogDevObjectVersion:   Dev-Physics-Ext (35F94A83-E258-406C-A318-09F59610247C): 8
LogDevObjectVersion:   Dev-CineCamera (B2E18506-4273-CFC2-A54E-F4BB758BBA07): 1
LogInit: Presizing for max 25165824 objects, including 0 objects not considered by GC, pre-allocating 0 bytes for permanent pool.
LogInit: Object subsystem initialized
LogConfig: Setting CVar [[con.DebugEarlyDefault:1]]
LogConfig: Setting CVar [[r.setres:1280x720]]
[2020.03.30-12.24.55:014][  0]LogConfig: Setting CVar [[r.VSync:0]]
[2020.03.30-12.24.55:014][  0]LogConfig: Setting CVar [[r.RHICmdBypass:0]]
[2020.03.30-12.24.55:014][  0]LogConfig: Applying CVar settings from Section [/Script/Engine.RendererSettings] File [C:/Users/AforA/Documents/Unreal Projects/DishGame/Saved/Config/Windows/Engine.ini]
[2020.03.30-12.24.55:014][  0]LogConfig: Setting CVar [[r.GPUCrashDebugging:0]]
[2020.03.30-12.24.55:014][  0]LogConfig: Applying CVar settings from Section [/Script/Engine.RendererOverrideSettings] File [C:/Users/AforA/Documents/Unreal Projects/DishGame/Saved/Config/Windows/Engine.ini]
[2020.03.30-12.24.55:014][  0]LogConfig: Applying CVar settings from Section [/Script/Engine.StreamingSettings] File [C:/Users/AforA/Documents/Unreal Projects/DishGame/Saved/Config/Windows/Engine.ini]
[2020.03.30-12.24.55:014][  0]LogConfig: Setting CVar [[s.MinBulkDataSizeForAsyncLoading:131072]]
[2020.03.30-12.24.55:014][  0]LogConfig: Setting CVar [[s.AsyncLoadingThreadEnabled:0]]
[2020.03.30-12.24.55:014][  0]LogConfig: Setting CVar [[s.EventDrivenLoaderEnabled:1]]
[2020.03.30-12.24.55:014][  0]LogConfig: Setting CVar [[s.WarnIfTimeLimitExceeded:0]]
[2020.03.30-12.24.55:014][  0]LogConfig: Setting CVar [[s.TimeLimitExceededMultiplier:1.5]]
[2020.03.30-12.24.55:014][  0]LogConfig: Setting CVar [[s.TimeLimitExceededMinTime:0.005]]
[2020.03.30-12.24.55:014][  0]LogConfig: Setting CVar [[s.UseBackgroundLevelStreaming:1]]
[2020.03.30-12.24.55:014][  0]LogConfig: Setting CVar [[s.PriorityAsyncLoadingExtraTime:15.0]]
[2020.03.30-12.24.55:014][  0]LogConfig: Setting CVar [[s.LevelStreamingActorsUpdateTimeLimit:5.0]]
[2020.03.30-12.24.55:014][  0]LogConfig: Setting CVar [[s.PriorityLevelStreamingActorsUpdateExtraTime:5.0]]
[2020.03.30-12.24.55:015][  0]LogConfig: Setting CVar [[s.LevelStreamingComponentsRegistrationGranularity:10]]
[2020.03.30-12.24.55:015][  0]LogConfig: Setting CVar [[s.UnregisterComponentsTimeLimit:1.0]]
[2020.03.30-12.24.55:015][  0]LogConfig: Setting CVar [[s.LevelStreamingComponentsUnregistrationGranularity:5]]
[2020.03.30-12.24.55:015][  0]LogConfig: Setting CVar [[s.FlushStreamingOnExit:1]]
[2020.03.30-12.24.55:015][  0]LogConfig: Applying CVar settings from Section [/Script/Engine.GarbageCollectionSettings] File [C:/Users/AforA/Documents/Unreal Projects/DishGame/Saved/Config/Windows/Engine.ini]
[2020.03.30-12.24.55:015][  0]LogConfig: Setting CVar [[gc.MaxObjectsNotConsideredByGC:1]]
[2020.03.30-12.24.55:015][  0]LogConfig: Setting CVar [[gc.SizeOfPermanentObjectPool:0]]
[2020.03.30-12.24.55:015][  0]LogConfig: Setting CVar [[gc.FlushStreamingOnGC:0]]
[2020.03.30-12.24.55:015][  0]LogConfig: Setting CVar [[gc.NumRetriesBeforeForcingGC:10]]
[2020.03.30-12.24.55:015][  0]LogConfig: Setting CVar [[gc.AllowParallelGC:1]]
[2020.03.30-12.24.55:015][  0]LogConfig: Setting CVar [[gc.TimeBetweenPurgingPendingKillObjects:61.1]]
[2020.03.30-12.24.55:015][  0]LogConfig: Setting CVar [[gc.MaxObjectsInEditor:25165824]]
[2020.03.30-12.24.55:016][  0]LogConfig: Setting CVar [[gc.IncrementalBeginDestroyEnabled:1]]
[2020.03.30-12.24.55:016][  0]LogConfig: Setting CVar [[gc.CreateGCClusters:1]]
[2020.03.30-12.24.55:016][  0]LogConfig: Setting CVar [[gc.MinGCClusterSize:5]]
[2020.03.30-12.24.55:016][  0]LogConfig: Setting CVar [[gc.ActorClusteringEnabled:0]]
[2020.03.30-12.24.55:016][  0]LogConfig: Setting CVar [[gc.BlueprintClusteringEnabled:0]]
[2020.03.30-12.24.55:016][  0]LogConfig: Setting CVar [[gc.UseDisregardForGCOnDedicatedServers:0]]
[2020.03.30-12.24.55:016][  0]LogConfig: Applying CVar settings from Section [/Script/Engine.NetworkSettings] File [C:/Users/AforA/Documents/Unreal Projects/DishGame/Saved/Config/Windows/Engine.ini]
[2020.03.30-12.24.55:016][  0]LogConfig: Applying CVar settings from Section [/Script/UnrealEd.CookerSettings] File [C:/Users/AforA/Documents/Unreal Projects/DishGame/Saved/Config/Windows/Engine.ini]
[2020.03.30-12.24.55:039][  0]LogConfig: Applying CVar settings from Section [ViewDistanceQuality@3] File [C:/Users/AforA/Documents/Unreal Projects/DishGame/Saved/Config/Windows/Scalability.ini]
[2020.03.30-12.24.55:039][  0]LogConfig: Setting CVar [[r.SkeletalMeshLODBias:0]]
[2020.03.30-12.24.55:039][  0]LogConfig: Setting CVar [[r.ViewDistanceScale:1.0]]
[2020.03.30-12.24.55:039][  0]LogConfig: Applying CVar settings from Section [AntiAliasingQuality@3] File [C:/Users/AforA/Documents/Unreal Projects/DishGame/Saved/Config/Windows/Scalability.ini]
[2020.03.30-12.24.55:039][  0]LogConfig: Setting CVar [[r.PostProcessAAQuality:4]]
[2020.03.30-12.24.55:039][  0]LogConfig: Applying CVar settings from Section [ShadowQuality@3] File [C:/Users/AforA/Documents/Unreal Projects/DishGame/Saved/Config/Windows/Scalability.ini]
[2020.03.30-12.24.55:039][  0]LogConfig: Setting CVar [[r.LightFunctionQuality:1]]
[2020.03.30-12.24.55:039][  0]LogConfig: Setting CVar [[r.ShadowQuality:5]]
[2020.03.30-12.24.55:039][  0]LogConfig: Setting CVar [[r.Shadow.CSM.MaxCascades:10]]
[2020.03.30-12.24.55:039][  0]LogConfig: Setting CVar [[r.Shadow.MaxResolution:2048]]
[2020.03.30-12.24.55:039][  0]LogConfig: Setting CVar [[r.Shadow.MaxCSMResolution:2048]]
[2020.03.30-12.24.55:039][  0]LogConfig: Setting CVar [[r.Shadow.RadiusThreshold:0.01]]
[2020.03.30-12.24.55:039][  0]LogConfig: Setting CVar [[r.Shadow.DistanceScale:1.0]]
[2020.03.30-12.24.55:040][  0]LogConfig: Setting CVar [[r.Shadow.CSM.TransitionScale:1.0]]
[2020.03.30-12.24.55:040][  0]LogConfig: Setting CVar [[r.Shadow.PreShadowResolutionFactor:1.0]]
[2020.03.30-12.24.55:040][  0]LogConfig: Setting CVar [[r.DistanceFieldShadowing:1]]
[2020.03.30-12.24.55:040][  0]LogConfig: Setting CVar [[r.DistanceFieldAO:1]]
[2020.03.30-12.24.55:040][  0]LogConfig: Setting CVar [[r.AOQuality:2]]
[2020.03.30-12.24.55:040][  0]LogConfig: Setting CVar [[r.VolumetricFog:1]]
[2020.03.30-12.24.55:040][  0]LogConfig: Setting CVar [[r.VolumetricFog.GridPixelSize:8]]
[2020.03.30-12.24.55:040][  0]LogConfig: Setting CVar [[r.VolumetricFog.GridSizeZ:128]]
[2020.03.30-12.24.55:040][  0]LogConfig: Setting CVar [[r.VolumetricFog.HistoryMissSupersampleCount:4]]
[2020.03.30-12.24.55:040][  0]LogConfig: Setting CVar [[r.LightMaxDrawDistanceScale:1]]
[2020.03.30-12.24.55:040][  0]LogConfig: Setting CVar [[r.CapsuleShadows:1]]
[2020.03.30-12.24.55:040][  0]LogConfig: Applying CVar settings from Section [PostProcessQuality@3] File [C:/Users/AforA/Documents/Unreal Projects/DishGame/Saved/Config/Windows/Scalability.ini]
[2020.03.30-12.24.55:040][  0]LogConfig: Setting CVar [[r.MotionBlurQuality:4]]
[2020.03.30-12.24.55:040][  0]LogConfig: Setting CVar [[r.AmbientOcclusionMipLevelFactor:0.4]]
[2020.03.30-12.24.55:040][  0]LogConfig: Setting CVar [[r.AmbientOcclusionMaxQuality:100]]
[2020.03.30-12.24.55:040][  0]LogConfig: Setting CVar [[r.AmbientOcclusionLevels:-1]]
[2020.03.30-12.24.55:040][  0]LogConfig: Setting CVar [[r.AmbientOcclusionRadiusScale:1.0]]
[2020.03.30-12.24.55:040][  0]LogConfig: Setting CVar [[r.DepthOfFieldQuality:2]]
[2020.03.30-12.24.55:040][  0]LogConfig: Setting CVar [[r.RenderTargetPoolMin:400]]
[2020.03.30-12.24.55:041][  0]LogConfig: Setting CVar [[r.LensFlareQuality:2]]
[2020.03.30-12.24.55:041][  0]LogConfig: Setting CVar [[r.SceneColorFringeQuality:1]]
[2020.03.30-12.24.55:041][  0]LogConfig: Setting CVar [[r.EyeAdaptationQuality:2]]
[2020.03.30-12.24.55:041][  0]LogConfig: Setting CVar [[r.BloomQuality:5]]
[2020.03.30-12.24.55:041][  0]LogConfig: Setting CVar [[r.FastBlurThreshold:100]]
[2020.03.30-12.24.55:041][  0]LogConfig: Setting CVar [[r.Upscale.Quality:3]]
[2020.03.30-12.24.55:041][  0]LogConfig: Setting CVar [[r.Tonemapper.GrainQuantization:1]]
[2020.03.30-12.24.55:041][  0]LogConfig: Setting CVar [[r.LightShaftQuality:1]]
[2020.03.30-12.24.55:041][  0]LogConfig: Setting CVar [[r.Filter.SizeScale:1]]
[2020.03.30-12.24.55:041][  0]LogConfig: Setting CVar [[r.Tonemapper.Quality:5]]
[2020.03.30-12.24.55:041][  0]LogConfig: Setting CVar [[r.DOF.Gather.AccumulatorQuality:1        ; higher gathering accumulator quality]]
[2020.03.30-12.24.55:041][  0]LogConfig: Setting CVar [[r.DOF.Gather.PostfilterMethod:1          ; Median3x3 postfilering method]]
[2020.03.30-12.24.55:041][  0]LogConfig: Setting CVar [[r.DOF.Gather.EnableBokehSettings:0       ; no bokeh simulation when gathering]]
[2020.03.30-12.24.55:041][  0]LogConfig: Setting CVar [[r.DOF.Gather.RingCount:4                 ; medium number of samples when gathering]]
[2020.03.30-12.24.55:041][  0]LogConfig: Setting CVar [[r.DOF.Scatter.ForegroundCompositing:1    ; additive foreground scattering]]
[2020.03.30-12.24.55:041][  0]LogConfig: Setting CVar [[r.DOF.Scatter.BackgroundCompositing:2    ; additive background scattering]]
[2020.03.30-12.24.55:041][  0]LogConfig: Setting CVar [[r.DOF.Scatter.EnableBokehSettings:1      ; bokeh simulation when scattering]]
[2020.03.30-12.24.55:041][  0]LogConfig: Setting CVar [[r.DOF.Scatter.MaxSpriteRatio:0.1         ; only a maximum of 10% of scattered bokeh]]
[2020.03.30-12.24.55:042][  0]LogConfig: Setting CVar [[r.DOF.Recombine.Quality:1                ; cheap slight out of focus]]
[2020.03.30-12.24.55:042][  0]LogConfig: Setting CVar [[r.DOF.Recombine.EnableBokehSettings:0    ; no bokeh simulation on slight out of focus]]
[2020.03.30-12.24.55:042][  0]LogConfig: Setting CVar [[r.DOF.TemporalAAQuality:1                ; more stable temporal accumulation]]
[2020.03.30-12.24.55:042][  0]LogConfig: Setting CVar [[r.DOF.Kernel.MaxForegroundRadius:0.025]]
[2020.03.30-12.24.55:042][  0]LogConfig: Setting CVar [[r.DOF.Kernel.MaxBackgroundRadius:0.025]]
[2020.03.30-12.24.55:042][  0]LogConfig: Applying CVar settings from Section [TextureQuality@3] File [C:/Users/AforA/Documents/Unreal Projects/DishGame/Saved/Config/Windows/Scalability.ini]
[2020.03.30-12.24.55:042][  0]LogConfig: Setting CVar [[r.Streaming.MipBias:0]]
[2020.03.30-12.24.55:042][  0]LogConfig: Setting CVar [[r.Streaming.AmortizeCPUToGPUCopy:0]]
[2020.03.30-12.24.55:042][  0]LogConfig: Setting CVar [[r.Streaming.MaxNumTexturesToStreamPerFrame:0]]
[2020.03.30-12.24.55:042][  0]LogConfig: Setting CVar [[r.Streaming.Boost:1]]
[2020.03.30-12.24.55:042][  0]LogConfig: Setting CVar [[r.MaxAnisotropy:8]]
[2020.03.30-12.24.55:042][  0]LogConfig: Setting CVar [[r.VT.MaxAnisotropy:8]]
[2020.03.30-12.24.55:042][  0]LogConfig: Setting CVar [[r.Streaming.LimitPoolSizeToVRAM:0]]
[2020.03.30-12.24.55:042][  0]LogConfig: Setting CVar [[r.Streaming.PoolSize:1000]]
[2020.03.30-12.24.55:042][  0]LogConfig: Setting CVar [[r.Streaming.MaxEffectiveScreenSize:0]]
[2020.03.30-12.24.55:042][  0]LogConfig: Applying CVar settings from Section [EffectsQuality@3] File [C:/Users/AforA/Documents/Unreal Projects/DishGame/Saved/Config/Windows/Scalability.ini]
[2020.03.30-12.24.55:042][  0]LogConfig: Setting CVar [[r.TranslucencyLightingVolumeDim:64]]
[2020.03.30-12.24.55:042][  0]LogConfig: Setting CVar [[r.RefractionQuality:2]]
[2020.03.30-12.24.55:042][  0]LogConfig: Setting CVar [[r.SSR.Quality:3]]
[2020.03.30-12.24.55:042][  0]LogConfig: Setting CVar [[r.SSR.HalfResSceneColor:0]]
[2020.03.30-12.24.55:043][  0]LogConfig: Setting CVar [[r.SceneColorFormat:4]]
[2020.03.30-12.24.55:043][  0]LogConfig: Setting CVar [[r.DetailMode:2]]
[2020.03.30-12.24.55:043][  0]LogConfig: Setting CVar [[r.TranslucencyVolumeBlur:1]]
[2020.03.30-12.24.55:043][  0]LogConfig: Setting CVar [[r.MaterialQualityLevel:1 ; High quality]]
[2020.03.30-12.24.55:043][  0]LogConfig: Setting CVar [[r.SSS.Scale:1]]
[2020.03.30-12.24.55:043][  0]LogConfig: Setting CVar [[r.SSS.SampleSet:2]]
[2020.03.30-12.24.55:043][  0]LogConfig: Setting CVar [[r.SSS.Quality:1]]
[2020.03.30-12.24.55:043][  0]LogConfig: Setting CVar [[r.SSS.HalfRes:1]]
[2020.03.30-12.24.55:043][  0]LogConfig: Setting CVar [[r.SSGI.Quality:3]]
[2020.03.30-12.24.55:043][  0]LogConfig: Setting CVar [[r.EmitterSpawnRateScale:1.0]]
[2020.03.30-12.24.55:043][  0]LogConfig: Setting CVar [[r.ParticleLightQuality:2]]
[2020.03.30-12.24.55:043][  0]LogConfig: Setting CVar [[r.SkyAtmosphere.AerialPerspectiveLUT.FastApplyOnOpaque:1 ; Always have FastSkyLUT 1 in this case to avoid wrong sky]]
[2020.03.30-12.24.55:043][  0]LogConfig: Setting CVar [[r.SkyAtmosphere.AerialPerspectiveLUT.SampleCountPerSlice:1]]
[2020.03.30-12.24.55:043][  0]LogConfig: Setting CVar [[r.SkyAtmosphere.AerialPerspectiveLUT.DepthResolution:16.0]]
[2020.03.30-12.24.55:043][  0]LogConfig: Setting CVar [[r.SkyAtmosphere.FastSkyLUT:1]]
[2020.03.30-12.24.55:043][  0]LogConfig: Setting CVar [[r.SkyAtmosphere.FastSkyLUT.SampleCountMin:4.0]]
[2020.03.30-12.24.55:044][  0]LogConfig: Setting CVar [[r.SkyAtmosphere.FastSkyLUT.SampleCountMax:32.0]]
[2020.03.30-12.24.55:044][  0]LogConfig: Setting CVar [[r.SkyAtmosphere.SampleCountMin:4.0]]
[2020.03.30-12.24.55:044][  0]LogConfig: Setting CVar [[r.SkyAtmosphere.SampleCountMax:32.0]]
[2020.03.30-12.24.55:044][  0]LogConfig: Setting CVar [[r.SkyAtmosphere.TransmittanceLUT.UseSmallFormat:0]]
[2020.03.30-12.24.55:044][  0]LogConfig: Setting CVar [[r.SkyAtmosphere.TransmittanceLUT.SampleCount:10.0]]
[2020.03.30-12.24.55:044][  0]LogConfig: Setting CVar [[r.SkyAtmosphere.MultiScatteringLUT.SampleCount:15.0]]
[2020.03.30-12.24.55:044][  0]LogConfig: Applying CVar settings from Section [FoliageQuality@3] File [C:/Users/AforA/Documents/Unreal Projects/DishGame/Saved/Config/Windows/Scalability.ini]
[2020.03.30-12.24.55:044][  0]LogConfig: Setting CVar [[foliage.DensityScale:1.0]]
[2020.03.30-12.24.55:044][  0]LogConfig: Setting CVar [[grass.DensityScale:1.0]]
[2020.03.30-12.24.55:044][  0]LogConfig: Applying CVar settings from Section [ShadingQuality@3] File [C:/Users/AforA/Documents/Unreal Projects/DishGame/Saved/Config/Windows/Scalability.ini]
[2020.03.30-12.24.55:044][  0]LogConfig: Setting CVar [[r.HairStrands.SkyLighting.SampleCount:16]]
[2020.03.30-12.24.55:044][  0]LogConfig: Setting CVar [[r.HairStrands.SkyLighting.JitterIntegration:0]]
[2020.03.30-12.24.55:044][  0]LogConfig: Setting CVar [[r.HairStrands.SkyAO.SampleCount:16]]
[2020.03.30-12.24.55:045][  0]LogInit: Selected Device Profile: [Windows]
[2020.03.30-12.24.55:045][  0]LogInit: Applying CVar settings loaded from the selected device profile: [Windows]
[2020.03.30-12.24.55:058][  0]LogHAL: Display: Platform has ~ 16 GB [17059897344 / 17179869184 / 16], which maps to Larger [LargestMinGB=32, LargerMinGB=12, DefaultMinGB=8, SmallerMinGB=6, SmallestMinGB=0)
[2020.03.30-12.24.55:058][  0]LogInit: Going up to parent DeviceProfile []
[2020.03.30-12.24.55:058][  0]LogConfig: Applying CVar settings from Section [ViewDistanceQuality@3] File [C:/Users/AforA/Documents/Unreal Projects/DishGame/Saved/Config/Windows/Scalability.ini]
[2020.03.30-12.24.55:059][  0]LogConfig: Setting CVar [[r.SkeletalMeshLODBias:0]]
[2020.03.30-12.24.55:059][  0]LogConfig: Setting CVar [[r.ViewDistanceScale:1.0]]
[2020.03.30-12.24.55:059][  0]LogConfig: Applying CVar settings from Section [AntiAliasingQuality@3] File [C:/Users/AforA/Documents/Unreal Projects/DishGame/Saved/Config/Windows/Scalability.ini]
[2020.03.30-12.24.55:059][  0]LogConfig: Setting CVar [[r.PostProcessAAQuality:4]]
[2020.03.30-12.24.55:059][  0]LogConfig: Applying CVar settings from Section [ShadowQuality@3] File [C:/Users/AforA/Documents/Unreal Projects/DishGame/Saved/Config/Windows/Scalability.ini]
[2020.03.30-12.24.55:059][  0]LogConfig: Setting CVar [[r.LightFunctionQuality:1]]
[2020.03.30-12.24.55:059][  0]LogConfig: Setting CVar [[r.ShadowQuality:5]]
[2020.03.30-12.24.55:059][  0]LogConfig: Setting CVar [[r.Shadow.CSM.MaxCascades:10]]
[2020.03.30-12.24.55:059][  0]LogConfig: Setting CVar [[r.Shadow.MaxResolution:2048]]
[2020.03.30-12.24.55:059][  0]LogConfig: Setting CVar [[r.Shadow.MaxCSMResolution:2048]]
[2020.03.30-12.24.55:059][  0]LogConfig: Setting CVar [[r.Shadow.RadiusThreshold:0.01]]
[2020.03.30-12.24.55:059][  0]LogConfig: Setting CVar [[r.Shadow.DistanceScale:1.0]]
[2020.03.30-12.24.55:060][  0]LogConfig: Setting CVar [[r.Shadow.CSM.TransitionScale:1.0]]
[2020.03.30-12.24.55:060][  0]LogConfig: Setting CVar [[r.Shadow.PreShadowResolutionFactor:1.0]]
[2020.03.30-12.24.55:060][  0]LogConfig: Setting CVar [[r.DistanceFieldShadowing:1]]
[2020.03.30-12.24.55:060][  0]LogConfig: Setting CVar [[r.DistanceFieldAO:1]]
[2020.03.30-12.24.55:060][  0]LogConfig: Setting CVar [[r.AOQuality:2]]
[2020.03.30-12.24.55:060][  0]LogConfig: Setting CVar [[r.VolumetricFog:1]]
[2020.03.30-12.24.55:060][  0]LogConfig: Setting CVar [[r.VolumetricFog.GridPixelSize:8]]
[2020.03.30-12.24.55:060][  0]LogConfig: Setting CVar [[r.VolumetricFog.GridSizeZ:128]]
[2020.03.30-12.24.55:060][  0]LogConfig: Setting CVar [[r.VolumetricFog.HistoryMissSupersampleCount:4]]
[2020.03.30-12.24.55:060][  0]LogConfig: Setting CVar [[r.LightMaxDrawDistanceScale:1]]
[2020.03.30-12.24.55:060][  0]LogConfig: Setting CVar [[r.CapsuleShadows:1]]
[2020.03.30-12.24.55:060][  0]LogConfig: Applying CVar settings from Section [PostProcessQuality@3] File [C:/Users/AforA/Documents/Unreal Projects/DishGame/Saved/Config/Windows/Scalability.ini]
[2020.03.30-12.24.55:060][  0]LogConfig: Setting CVar [[r.MotionBlurQuality:4]]
[2020.03.30-12.24.55:061][  0]LogConfig: Setting CVar [[r.AmbientOcclusionMipLevelFactor:0.4]]
[2020.03.30-12.24.55:061][  0]LogConfig: Setting CVar [[r.AmbientOcclusionMaxQuality:100]]
[2020.03.30-12.24.55:061][  0]LogConfig: Setting CVar [[r.AmbientOcclusionLevels:-1]]
[2020.03.30-12.24.55:061][  0]LogConfig: Setting CVar [[r.AmbientOcclusionRadiusScale:1.0]]
[2020.03.30-12.24.55:061][  0]LogConfig: Setting CVar [[r.DepthOfFieldQuality:2]]
[2020.03.30-12.24.55:061][  0]LogConfig: Setting CVar [[r.RenderTargetPoolMin:400]]
[2020.03.30-12.24.55:061][  0]LogConfig: Setting CVar [[r.LensFlareQuality:2]]
[2020.03.30-12.24.55:061][  0]LogConfig: Setting CVar [[r.SceneColorFringeQuality:1]]
[2020.03.30-12.24.55:061][  0]LogConfig: Setting CVar [[r.EyeAdaptationQuality:2]]
[2020.03.30-12.24.55:061][  0]LogConfig: Setting CVar [[r.BloomQuality:5]]
[2020.03.30-12.24.55:061][  0]LogConfig: Setting CVar [[r.FastBlurThreshold:100]]
[2020.03.30-12.24.55:062][  0]LogConfig: Setting CVar [[r.Upscale.Quality:3]]
[2020.03.30-12.24.55:062][  0]LogConfig: Setting CVar [[r.Tonemapper.GrainQuantization:1]]
[2020.03.30-12.24.55:062][  0]LogConfig: Setting CVar [[r.LightShaftQuality:1]]
[2020.03.30-12.24.55:062][  0]LogConfig: Setting CVar [[r.Filter.SizeScale:1]]
[2020.03.30-12.24.55:062][  0]LogConfig: Setting CVar [[r.Tonemapper.Quality:5]]
[2020.03.30-12.24.55:062][  0]LogConfig: Setting CVar [[r.DOF.Gather.AccumulatorQuality:1        ; higher gathering accumulator quality]]
[2020.03.30-12.24.55:062][  0]LogConfig: Setting CVar [[r.DOF.Gather.PostfilterMethod:1          ; Median3x3 postfilering method]]
[2020.03.30-12.24.55:062][  0]LogConfig: Setting CVar [[r.DOF.Gather.EnableBokehSettings:0       ; no bokeh simulation when gathering]]
[2020.03.30-12.24.55:062][  0]LogConfig: Setting CVar [[r.DOF.Gather.RingCount:4                 ; medium number of samples when gathering]]
[2020.03.30-12.24.55:062][  0]LogConfig: Setting CVar [[r.DOF.Scatter.ForegroundCompositing:1    ; additive foreground scattering]]
[2020.03.30-12.24.55:062][  0]LogConfig: Setting CVar [[r.DOF.Scatter.BackgroundCompositing:2    ; additive background scattering]]
[2020.03.30-12.24.55:062][  0]LogConfig: Setting CVar [[r.DOF.Scatter.EnableBokehSettings:1      ; bokeh simulation when scattering]]
[2020.03.30-12.24.55:062][  0]LogConfig: Setting CVar [[r.DOF.Scatter.MaxSpriteRatio:0.1         ; only a maximum of 10% of scattered bokeh]]
[2020.03.30-12.24.55:062][  0]LogConfig: Setting CVar [[r.DOF.Recombine.Quality:1                ; cheap slight out of focus]]
[2020.03.30-12.24.55:062][  0]LogConfig: Setting CVar [[r.DOF.Recombine.EnableBokehSettings:0    ; no bokeh simulation on slight out of focus]]
[2020.03.30-12.24.55:063][  0]LogConfig: Setting CVar [[r.DOF.TemporalAAQuality:1                ; more stable temporal accumulation]]
[2020.03.30-12.24.55:063][  0]LogConfig: Setting CVar [[r.DOF.Kernel.MaxForegroundRadius:0.025]]
[2020.03.30-12.24.55:063][  0]LogConfig: Setting CVar [[r.DOF.Kernel.MaxBackgroundRadius:0.025]]
[2020.03.30-12.24.55:063][  0]LogConfig: Applying CVar settings from Section [TextureQuality@3] File [C:/Users/AforA/Documents/Unreal Projects/DishGame/Saved/Config/Windows/Scalability.ini]
[2020.03.30-12.24.55:063][  0]LogConfig: Setting CVar [[r.Streaming.MipBias:0]]
[2020.03.30-12.24.55:063][  0]LogConfig: Setting CVar [[r.Streaming.AmortizeCPUToGPUCopy:0]]
[2020.03.30-12.24.55:063][  0]LogConfig: Setting CVar [[r.Streaming.MaxNumTexturesToStreamPerFrame:0]]
[2020.03.30-12.24.55:063][  0]LogConfig: Setting CVar [[r.Streaming.Boost:1]]
[2020.03.30-12.24.55:063][  0]LogConfig: Setting CVar [[r.MaxAnisotropy:8]]
[2020.03.30-12.24.55:063][  0]LogConfig: Setting CVar [[r.VT.MaxAnisotropy:8]]
[2020.03.30-12.24.55:063][  0]LogConfig: Setting CVar [[r.Streaming.LimitPoolSizeToVRAM:0]]
[2020.03.30-12.24.55:063][  0]LogConfig: Setting CVar [[r.Streaming.PoolSize:1000]]
[2020.03.30-12.24.55:063][  0]LogConfig: Setting CVar [[r.Streaming.MaxEffectiveScreenSize:0]]
[2020.03.30-12.24.55:064][  0]LogConfig: Applying CVar settings from Section [EffectsQuality@3] File [C:/Users/AforA/Documents/Unreal Projects/DishGame/Saved/Config/Windows/Scalability.ini]
[2020.03.30-12.24.55:064][  0]LogConfig: Setting CVar [[r.TranslucencyLightingVolumeDim:64]]
[2020.03.30-12.24.55:064][  0]LogConfig: Setting CVar [[r.RefractionQuality:2]]
[2020.03.30-12.24.55:064][  0]LogConfig: Setting CVar [[r.SSR.Quality:3]]
[2020.03.30-12.24.55:064][  0]LogConfig: Setting CVar [[r.SSR.HalfResSceneColor:0]]
[2020.03.30-12.24.55:064][  0]LogConfig: Setting CVar [[r.SceneColorFormat:4]]
[2020.03.30-12.24.55:064][  0]LogConfig: Setting CVar [[r.DetailMode:2]]
[2020.03.30-12.24.55:064][  0]LogConfig: Setting CVar [[r.TranslucencyVolumeBlur:1]]
[2020.03.30-12.24.55:064][  0]LogConfig: Setting CVar [[r.MaterialQualityLevel:1 ; High quality]]
[2020.03.30-12.24.55:064][  0]LogConfig: Setting CVar [[r.SSS.Scale:1]]
[2020.03.30-12.24.55:064][  0]LogConfig: Setting CVar [[r.SSS.SampleSet:2]]
[2020.03.30-12.24.55:064][  0]LogConfig: Setting CVar [[r.SSS.Quality:1]]
[2020.03.30-12.24.55:065][  0]LogConfig: Setting CVar [[r.SSS.HalfRes:1]]
[2020.03.30-12.24.55:065][  0]LogConfig: Setting CVar [[r.SSGI.Quality:3]]
[2020.03.30-12.24.55:065][  0]LogConfig: Setting CVar [[r.EmitterSpawnRateScale:1.0]]
[2020.03.30-12.24.55:065][  0]LogConfig: Setting CVar [[r.ParticleLightQuality:2]]
[2020.03.30-12.24.55:065][  0]LogConfig: Setting CVar [[r.SkyAtmosphere.AerialPerspectiveLUT.FastApplyOnOpaque:1 ; Always have FastSkyLUT 1 in this case to avoid wrong sky]]
[2020.03.30-12.24.55:065][  0]LogConfig: Setting CVar [[r.SkyAtmosphere.AerialPerspectiveLUT.SampleCountPerSlice:1]]
[2020.03.30-12.24.55:065][  0]LogConfig: Setting CVar [[r.SkyAtmosphere.AerialPerspectiveLUT.DepthResolution:16.0]]
[2020.03.30-12.24.55:065][  0]LogConfig: Setting CVar [[r.SkyAtmosphere.FastSkyLUT:1]]
[2020.03.30-12.24.55:065][  0]LogConfig: Setting CVar [[r.SkyAtmosphere.FastSkyLUT.SampleCountMin:4.0]]
[2020.03.30-12.24.55:065][  0]LogConfig: Setting CVar [[r.SkyAtmosphere.FastSkyLUT.SampleCountMax:32.0]]
[2020.03.30-12.24.55:065][  0]LogConfig: Setting CVar [[r.SkyAtmosphere.SampleCountMin:4.0]]
[2020.03.30-12.24.55:065][  0]LogConfig: Setting CVar [[r.SkyAtmosphere.SampleCountMax:32.0]]
[2020.03.30-12.24.55:065][  0]LogConfig: Setting CVar [[r.SkyAtmosphere.TransmittanceLUT.UseSmallFormat:0]]
[2020.03.30-12.24.55:066][  0]LogConfig: Setting CVar [[r.SkyAtmosphere.TransmittanceLUT.SampleCount:10.0]]
[2020.03.30-12.24.55:066][  0]LogConfig: Setting CVar [[r.SkyAtmosphere.MultiScatteringLUT.SampleCount:15.0]]
[2020.03.30-12.24.55:066][  0]LogConfig: Applying CVar settings from Section [FoliageQuality@3] File [C:/Users/AforA/Documents/Unreal Projects/DishGame/Saved/Config/Windows/Scalability.ini]
[2020.03.30-12.24.55:066][  0]LogConfig: Setting CVar [[foliage.DensityScale:1.0]]
[2020.03.30-12.24.55:066][  0]LogConfig: Setting CVar [[grass.DensityScale:1.0]]
[2020.03.30-12.24.55:066][  0]LogConfig: Applying CVar settings from Section [ShadingQuality@3] File [C:/Users/AforA/Documents/Unreal Projects/DishGame/Saved/Config/Windows/Scalability.ini]
[2020.03.30-12.24.55:066][  0]LogConfig: Setting CVar [[r.HairStrands.SkyLighting.SampleCount:16]]
[2020.03.30-12.24.55:066][  0]LogConfig: Setting CVar [[r.HairStrands.SkyLighting.JitterIntegration:0]]
[2020.03.30-12.24.55:066][  0]LogConfig: Setting CVar [[r.HairStrands.SkyAO.SampleCount:16]]
[2020.03.30-12.24.55:066][  0]LogConfig: Applying CVar settings from Section [Startup] File [../../../Engine/Config/ConsoleVariables.ini]
[2020.03.30-12.24.55:068][  0]LogConfig: Setting CVar [[net.UseAdaptiveNetUpdateFrequency:0]]
[2020.03.30-12.24.55:068][  0]LogConfig: Setting CVar [[p.chaos.AllowCreatePhysxBodies:1]]
[2020.03.30-12.24.55:068][  0]LogConfig: Applying CVar settings from Section [ConsoleVariables] File [C:/Users/AforA/Documents/Unreal Projects/DishGame/Saved/Config/Windows/Engine.ini]
[2020.03.30-12.24.55:068][  0]LogInit: Computer: DESKTOP-MVUVBSF
[2020.03.30-12.24.55:069][  0]LogInit: User: AforA
[2020.03.30-12.24.55:069][  0]LogInit: CPU Page size=4096, Cores=4
[2020.03.30-12.24.55:069][  0]LogInit: High frequency timer resolution =10.000000 MHz
[2020.03.30-12.24.55:069][  0]LogMemory: Memory total: Physical=15.9GB (16GB approx)
[2020.03.30-12.24.55:069][  0]LogMemory: Platform Memory Stats for Windows
[2020.03.30-12.24.55:069][  0]LogMemory: Process Physical Memory: 107.53 MB used, 107.53 MB peak
[2020.03.30-12.24.55:069][  0]LogMemory: Process Virtual Memory: 104.45 MB used, 104.45 MB peak
[2020.03.30-12.24.55:070][  0]LogMemory: Physical Memory: 10606.81 MB used,  5662.77 MB free, 16269.59 MB total
[2020.03.30-12.24.55:070][  0]LogMemory: Virtual Memory: 5178.90 MB used,  134212552.00 MB free, 134217728.00 MB total
[2020.03.30-12.24.55:078][  0]LogWindows: WindowsPlatformFeatures enabled
[2020.03.30-12.24.55:144][  0]LogInit: Using OS detected language (sv-SE).
[2020.03.30-12.24.55:144][  0]LogInit: Using OS detected locale (sv-SE).
[2020.03.30-12.24.55:148][  0]LogTextLocalizationManager: No localization for 'sv-SE' exists, so 'en' will be used for the language.
[2020.03.30-12.24.55:943][  0]LogSlate: New Slate User Created.  User Index 0, Is Virtual User: 0
[2020.03.30-12.24.55:943][  0]LogSlate: Slate User Registered.  User Index 0, Is Virtual User: 0
[2020.03.30-12.24.56:377][  0]LogHMD: Failed to initialize OpenVR with code 110
[2020.03.30-12.24.56:377][  0]LogD3D11RHI: D3D11 min allowed feature level: 11_0
[2020.03.30-12.24.56:377][  0]LogD3D11RHI: D3D11 max allowed feature level: 11_0
[2020.03.30-12.24.56:377][  0]LogD3D11RHI: D3D11 adapters:
[2020.03.30-12.24.56:488][  0]LogD3D11RHI:    0. 'NVIDIA GeForce GTX 770' (Feature Level 11_0)
[2020.03.30-12.24.56:488][  0]LogD3D11RHI:       2007/0/8134 MB DedicatedVideo/DedicatedSystem/SharedSystem, Outputs:2, VendorId:0x10de
[2020.03.30-12.24.56:505][  0]LogD3D11RHI:    1. 'Intel(R) HD Graphics 4600' (Feature Level 11_0)
[2020.03.30-12.24.56:505][  0]LogD3D11RHI:       112/0/2048 MB DedicatedVideo/DedicatedSystem/SharedSystem, Outputs:0, VendorId:0x8086
[2020.03.30-12.24.56:511][  0]LogD3D11RHI:    2. 'Microsoft Basic Render Driver' (Feature Level 11_0)
[2020.03.30-12.24.56:511][  0]LogD3D11RHI:       0/0/8134 MB DedicatedVideo/DedicatedSystem/SharedSystem, Outputs:0, VendorId:0x1414
[2020.03.30-12.24.56:511][  0]LogD3D11RHI: Chosen D3D11 Adapter: 0
[2020.03.30-12.24.56:557][  0]LogD3D11RHI: Creating new Direct3DDevice
[2020.03.30-12.24.56:558][  0]LogD3D11RHI:     GPU DeviceId: 0x1184 (for the marketing name, search the web for "GPU Device Id")
[2020.03.30-12.24.56:558][  0]LogWindows: EnumDisplayDevices:
[2020.03.30-12.24.56:558][  0]LogWindows:    0. 'NVIDIA GeForce GTX 770' (P:1 D:1)
[2020.03.30-12.24.56:559][  0]LogWindows:    1. 'NVIDIA GeForce GTX 770' (P:0 D:1)
[2020.03.30-12.24.56:560][  0]LogWindows:    2. 'NVIDIA GeForce GTX 770' (P:0 D:0)
[2020.03.30-12.24.56:561][  0]LogWindows:    3. 'NVIDIA GeForce GTX 770' (P:0 D:0)
[2020.03.30-12.24.56:562][  0]LogWindows:    4. 'Intel(R) HD Graphics 4600' (P:0 D:0)
[2020.03.30-12.24.56:563][  0]LogWindows:    5. 'Intel(R) HD Graphics 4600' (P:0 D:0)
[2020.03.30-12.24.56:564][  0]LogWindows:    6. 'Intel(R) HD Graphics 4600' (P:0 D:0)
[2020.03.30-12.24.56:564][  0]LogWindows: DebugString: PrimaryIsNotTheChoosenAdapter PrimaryIsNotTheChoosenAdapter PrimaryIsNotTheChoosenAdapter FoundDriverCount:4 
[2020.03.30-12.24.56:565][  0]LogD3D11RHI:     Adapter Name: NVIDIA GeForce GTX 770
[2020.03.30-12.24.56:565][  0]LogD3D11RHI:   Driver Version: 445.75 (internal:26.21.14.4575, unified:445.75)
[2020.03.30-12.24.56:565][  0]LogD3D11RHI:      Driver Date: 3-17-2020
[2020.03.30-12.24.56:565][  0]LogRHI: Texture pool is 1404 MB (70% of 2007 MB)
[2020.03.30-12.24.56:705][  0]LogD3D11RHI: RHI does not have support for 64 bit atomics
[2020.03.30-12.24.56:705][  0]LogD3D11RHI: Async texture creation enabled
[2020.03.30-12.24.56:776][  0]LogD3D11RHI: GPU Timing Frequency: 1000.000000 (Debug: 2 1)
[2020.03.30-12.24.57:730][  0]LogTargetPlatformManager: Display: Loaded TargetPlatform 'AllDesktop'
[2020.03.30-12.24.57:863][  0]LogTargetPlatformManager: Display: Loaded TargetPlatform 'Android'
[2020.03.30-12.24.57:863][  0]LogTargetPlatformManager: Display: Loaded TargetPlatform 'Android_ASTC'
[2020.03.30-12.24.57:863][  0]LogTargetPlatformManager: Display: Loaded TargetPlatform 'Android_ATC'
[2020.03.30-12.24.57:863][  0]LogTargetPlatformManager: Display: Loaded TargetPlatform 'Android_DXT'
[2020.03.30-12.24.57:863][  0]LogTargetPlatformManager: Display: Loaded TargetPlatform 'Android_ETC1'
[2020.03.30-12.24.57:863][  0]LogTargetPlatformManager: Display: Loaded TargetPlatform 'Android_ETC1a'
[2020.03.30-12.24.57:863][  0]LogTargetPlatformManager: Display: Loaded TargetPlatform 'Android_ETC2'
[2020.03.30-12.24.57:863][  0]LogTargetPlatformManager: Display: Loaded TargetPlatform 'Android_PVRTC'
[2020.03.30-12.24.57:863][  0]LogTargetPlatformManager: Display: Loaded TargetPlatform 'AndroidClient'
[2020.03.30-12.24.57:863][  0]LogTargetPlatformManager: Display: Loaded TargetPlatform 'Android_ASTCClient'
[2020.03.30-12.24.57:863][  0]LogTargetPlatformManager: Display: Loaded TargetPlatform 'Android_ATCClient'
[2020.03.30-12.24.57:863][  0]LogTargetPlatformManager: Display: Loaded TargetPlatform 'Android_DXTClient'
[2020.03.30-12.24.57:863][  0]LogTargetPlatformManager: Display: Loaded TargetPlatform 'Android_ETC1Client'
[2020.03.30-12.24.57:863][  0]LogTargetPlatformManager: Display: Loaded TargetPlatform 'Android_ETC1aClient'
[2020.03.30-12.24.57:863][  0]LogTargetPlatformManager: Display: Loaded TargetPlatform 'Android_ETC2Client'
[2020.03.30-12.24.57:863][  0]LogTargetPlatformManager: Display: Loaded TargetPlatform 'Android_PVRTCClient'
[2020.03.30-12.24.57:863][  0]LogTargetPlatformManager: Display: Loaded TargetPlatform 'Android_Multi'
[2020.03.30-12.24.57:864][  0]LogTargetPlatformManager: Display: Loaded TargetPlatform 'Android_MultiClient'
[2020.03.30-12.24.57:935][  0]LogTargetPlatformManager: Display: Loaded TargetPlatform 'IOSClient'
[2020.03.30-12.24.57:935][  0]LogTargetPlatformManager: Display: Loaded TargetPlatform 'IOS'
[2020.03.30-12.24.57:968][  0]LogTargetPlatformManager: Display: Loaded TargetPlatform 'LinuxNoEditor'
[2020.03.30-12.24.57:998][  0]LogTargetPlatformManager: Display: Loaded TargetPlatform 'LinuxClient'
[2020.03.30-12.24.58:035][  0]LogTargetPlatformManager: Display: Loaded TargetPlatform 'LinuxServer'
[2020.03.30-12.24.58:061][  0]LogTargetPlatformManager: Display: Loaded TargetPlatform 'LinuxAArch64NoEditor'
[2020.03.30-12.24.58:082][  0]LogTargetPlatformManager: Display: Loaded TargetPlatform 'LinuxAArch64Client'
[2020.03.30-12.24.58:102][  0]LogTargetPlatformManager: Display: Loaded TargetPlatform 'LinuxAArch64Server'
[2020.03.30-12.24.58:181][  0]LogTargetPlatformManager: Display: Loaded TargetPlatform 'Lumin'
[2020.03.30-12.24.58:182][  0]LogTargetPlatformManager: Display: Loaded TargetPlatform 'LuminClient'
[2020.03.30-12.24.58:223][  0]LogTargetPlatformManager: Display: Loaded TargetPlatform 'TVOSClient'
[2020.03.30-12.24.58:223][  0]LogTargetPlatformManager: Display: Loaded TargetPlatform 'TVOS'
[2020.03.30-12.24.58:251][  0]LogTargetPlatformManager: Display: Loaded TargetPlatform 'WindowsNoEditor'
[2020.03.30-12.24.58:276][  0]LogTargetPlatformManager: Display: Loaded TargetPlatform 'Windows'
[2020.03.30-12.24.58:299][  0]LogTargetPlatformManager: Display: Loaded TargetPlatform 'WindowsClient'
[2020.03.30-12.24.58:323][  0]LogTargetPlatformManager: Display: Loaded TargetPlatform 'WindowsServer'
[2020.03.30-12.24.58:323][  0]LogTargetPlatformManager: Display: Building Assets For Windows
[2020.03.30-12.24.58:331][  0]LogAudioDebug: Display: Lib vorbis DLL was dynamically loaded.
[2020.03.30-12.24.58:389][  0]LogShaderCompilers: Guid format shader working directory is -20 characters bigger than the processId version (../../../../../../Users/AforA/Documents/Unreal Projects/DishGame/Intermediate/Shaders/WorkingDirectory/145896/).
[2020.03.30-12.24.58:389][  0]LogShaderCompilers: Cleaned the shader compiler working directory 'C:/Users/AforA/AppData/Local/Temp/UnrealShaderWorkingDir/39DA95D84B886296771D97935F29CCA8/'.
[2020.03.30-12.24.58:390][  0]LogXGEController: Cannot use XGE Controller as Incredibuild is not installed on this machine.
[2020.03.30-12.24.58:390][  0]LogShaderCompilers: Cannot use XGE Shader Compiler as Incredibuild is not installed on this machine.
[2020.03.30-12.24.58:390][  0]LogShaderCompilers: Display: Using Local Shader Compiler.
[2020.03.30-12.25.00:945][  0]LogDerivedDataCache: Display: Max Cache Size: 512 MB
[2020.03.30-12.25.01:092][  0]LogDerivedDataCache: Loaded boot cache 0.15s 81MB C:/Users/AforA/AppData/Local/UnrealEngine/4.24/DerivedDataCache/Boot.ddc.
[2020.03.30-12.25.01:093][  0]LogDerivedDataCache: Display: Loaded Boot cache: C:/Users/AforA/AppData/Local/UnrealEngine/4.24/DerivedDataCache/Boot.ddc
[2020.03.30-12.25.01:093][  0]LogDerivedDataCache: FDerivedDataBackendGraph:  Pak pak cache file ../../../../../../Users/AforA/Documents/Unreal Projects/DishGame/DerivedDataCache/DDC.ddp not found, will not use a pak cache.
[2020.03.30-12.25.01:093][  0]LogDerivedDataCache: Unable to find inner node Pak for hierarchical cache Hierarchy.
[2020.03.30-12.25.01:093][  0]LogDerivedDataCache: FDerivedDataBackendGraph:  CompressedPak pak cache file ../../../../../../Users/AforA/Documents/Unreal Projects/DishGame/DerivedDataCache/Compressed.ddp not found, will not use a pak cache.
[2020.03.30-12.25.01:093][  0]LogDerivedDataCache: Unable to find inner node CompressedPak for hierarchical cache Hierarchy.
[2020.03.30-12.25.01:127][  0]LogDerivedDataCache: Display: Pak cache opened for reading ../../../Engine/DerivedDataCache/Compressed.ddp.
[2020.03.30-12.25.01:128][  0]LogDerivedDataCache: FDerivedDataBackendGraph:  EnterprisePak pak cache file ../../../Enterprise/DerivedDataCache/Compressed.ddp not found, will not use a pak cache.
[2020.03.30-12.25.01:128][  0]LogDerivedDataCache: Unable to find inner node EnterprisePak for hierarchical cache Hierarchy.
[2020.03.30-12.25.01:131][  0]LogDerivedDataCache: Using Local data cache path C:/Users/AforA/AppData/Local/UnrealEngine/Common/DerivedDataCache: Writable
[2020.03.30-12.25.01:131][  0]LogDerivedDataCache: Shared data cache path not found in *engine.ini, will not use an Shared cache.
[2020.03.30-12.25.01:131][  0]LogDerivedDataCache: Unable to find inner node Shared for hierarchical cache Hierarchy.
[2020.03.30-12.25.01:229][  0]LogMaterial: Verifying Global Shaders for PCD3D_SM5
[2020.03.30-12.25.01:236][  0]LogSlate: Using FreeType 2.10.0
[2020.03.30-12.25.01:237][  0]LogSlate: SlateFontServices - WITH_FREETYPE: 1, WITH_HARFBUZZ: 1
[2020.03.30-12.25.01:403][  0]LogAssetRegistry: FAssetRegistry took 0.0071 seconds to start up
[2020.03.30-12.25.02:528][  0]LogInit: Selected Device Profile: [Windows]
[2020.03.30-12.25.03:300][  0]LogMeshReduction: Using QuadricMeshReduction for automatic static mesh reduction
[2020.03.30-12.25.03:300][  0]LogMeshReduction: Using SimplygonMeshReduction for automatic skeletal mesh reduction
[2020.03.30-12.25.03:300][  0]LogMeshReduction: Using ProxyLODMeshReduction for automatic mesh merging
[2020.03.30-12.25.03:300][  0]LogMeshReduction: No distributed automatic mesh merging module available
[2020.03.30-12.25.03:300][  0]LogMeshMerging: No distributed automatic mesh merging module available
[2020.03.30-12.25.03:411][  0]LogNetVersion: DishGame 1.0.0, NetCL: 10570792, EngineNetVer: 13, GameNetVer: 0 (Checksum: 2217241199)
[2020.03.30-12.25.06:727][  0]LogPackageLocalizationCache: Processed 10 localized package path(s) for 1 prioritized culture(s) in 0.115728 seconds
[2020.03.30-12.25.06:747][  0]LogUObjectArray: 46752 objects as part of root set at end of initial load.
[2020.03.30-12.25.06:747][  0]LogUObjectAllocator: 8137720 out of 0 bytes used by permanent object pool.
[2020.03.30-12.25.06:747][  0]LogUObjectArray: CloseDisregardForGC: 0/0 objects in disregard for GC pool
[2020.03.30-12.25.07:916][  0]LogTcpMessaging: Initializing TcpMessaging bridge
[2020.03.30-12.25.08:046][  0]LogUdpMessaging: Initializing bridge on interface 0.0.0.0:0 to multicast group 230.0.0.1:6666.
[2020.03.30-12.25.08:167][  0]SourceControl: Source control is disabled
[2020.03.30-12.25.08:167][  0]SourceControl: Source control is disabled
[2020.03.30-12.25.08:169][  0]SourceControl: Source control is disabled
[2020.03.30-12.25.08:171][  0]SourceControl: Source control is disabled
[2020.03.30-12.25.08:173][  0]SourceControl: Source control is disabled
[2020.03.30-12.25.08:379][  0]LogAndroidPermission: UAndroidPermissionCallbackProxy::GetInstance
[2020.03.30-12.25.08:401][  0]LogAudioCaptureCore: Display: No Audio Capture implementations found. Audio input will be silent.
[2020.03.30-12.25.08:401][  0]LogAudioCaptureCore: Display: No Audio Capture implementations found. Audio input will be silent.
[2020.03.30-12.25.08:668][  0]LogOcInput: OculusInput pre-init called
[2020.03.30-12.25.10:337][  0]LogEngine: Initializing Engine...
[2020.03.30-12.25.10:339][  0]LogHMD: Failed to initialize OpenVR with code 110
[2020.03.30-12.25.10:340][  0]LogStats: UGameplayTagsManager::InitializeManager -  0.000 s
[2020.03.30-12.25.11:208][  0]LogInit: Initializing FReadOnlyCVARCache
[2020.03.30-12.25.11:230][  0]LogAIModule: Creating AISystem for world Untitled
[2020.03.30-12.25.11:258][  0]LogAudioMixer: Display: Audio Mixer Platform Settings:
[2020.03.30-12.25.11:259][  0]LogAudioMixer: Display: 	Sample Rate:						  48000
[2020.03.30-12.25.11:259][  0]LogAudioMixer: Display: 	Callback Buffer Frame Size Requested: 1024
[2020.03.30-12.25.11:259][  0]LogAudioMixer: Display: 	Callback Buffer Frame Size To Use:	  1024
[2020.03.30-12.25.11:259][  0]LogAudioMixer: Display: 	Number of buffers to queue:			  2
[2020.03.30-12.25.11:259][  0]LogAudioMixer: Display: 	Max Channels (voices):				  32
[2020.03.30-12.25.11:259][  0]LogAudioMixer: Display: 	Number of Async Source Workers:		  0
[2020.03.30-12.25.11:259][  0]LogAudio: Display: AudioDevice MaxSources: 32
[2020.03.30-12.25.11:260][  0]LogAudio: Display: Using built-in audio occlusion.
[2020.03.30-12.25.11:260][  0]LogAudioMixer: Display: Initializing audio mixer.
[2020.03.30-12.25.11:353][  0]LogAudioMixer: Display: Audio Device Output Speaker Info:
[2020.03.30-12.25.11:353][  0]LogAudioMixer: Display: Name: Högtalare (2- SteelSeries Siberia 350)
[2020.03.30-12.25.11:353][  0]LogAudioMixer: Display: Is Default: Yes
[2020.03.30-12.25.11:353][  0]LogAudioMixer: Display: Sample Rate: 48000
[2020.03.30-12.25.11:353][  0]LogAudioMixer: Display: Channel Count Used: 2
[2020.03.30-12.25.11:353][  0]LogAudioMixer: Display: Device Channel Count: 2
[2020.03.30-12.25.11:353][  0]LogAudioMixer: Display: Channel Order:
[2020.03.30-12.25.11:353][  0]LogAudioMixer: Display: 0: FrontLeft
[2020.03.30-12.25.11:353][  0]LogAudioMixer: Display: 1: FrontRight
[2020.03.30-12.25.11:391][  0]LogAudioMixer: Display: Using Audio Device Högtalare (2- SteelSeries Siberia 350)
[2020.03.30-12.25.11:401][  0]LogInit: FAudioDevice initialized.
[2020.03.30-12.25.11:401][  0]LogNetVersion: Set ProjectVersion to 1.0.0.0. Version Checksum will be recalculated on next use.
[2020.03.30-12.25.11:541][  0]LogDerivedDataCache: Saved boot cache 0.14s 81MB C:/Users/AforA/AppData/Local/UnrealEngine/4.24/DerivedDataCache/Boot.ddc.
[2020.03.30-12.25.11:551][  0]LogInit: Texture streaming: Enabled
[2020.03.30-12.25.11:566][  0]LogEngineSessionManager: EngineSessionManager initialized
[2020.03.30-12.25.11:566][  0]LogEditorSessionSummary: Verbose: Initializing EditorSessionSummaryWriter for editor session tracking
[2020.03.30-12.25.11:569][  0]LogEditorSessionSummary: EditorSessionSummaryWriter initialized
[2020.03.30-12.25.11:897][  0]LogLauncherPlatform: Warning: FPlatformProcess::LaunchURL had an error: Failed launching URL
[2020.03.30-12.25.11:914][  0]LogInit: Transaction tracking system initialized
[2020.03.30-12.25.11:933][  0]BlueprintLog: New page: Editor Load
[2020.03.30-12.25.12:081][  0]LocalizationService: Localization service is disabled
[2020.03.30-12.25.13:025][  0]LogFileCache: Scanning file cache for directory 'C:/Users/AforA/Documents/Unreal Projects/DishGame/Content/' took 0.01s
[2020.03.30-12.25.13:025][  0]LogCook: Display: Max memory allowance for cook 16384mb min free memory 0mb
[2020.03.30-12.25.13:025][  0]LogCook: Display: Mobile HDR setting 1
[2020.03.30-12.25.14:783][  0]SourceControl: Source control is disabled
[2020.03.30-12.25.14:784][  0]Cmd: MAP LOAD FILE="../../../../../../Users/AforA/Documents/Unreal Projects/DishGame/Content/ThirdPersonBP/Maps/ThirdPersonExampleMap.umap" TEMPLATE=0 SHOWPROGRESS=1 FEATURELEVEL=3
[2020.03.30-12.25.14:785][  0]LightingResults: New page: Lighting Build
[2020.03.30-12.25.14:786][  0]LogWorld: UWorld::CleanupWorld for Untitled, bSessionEnded=true, bCleanupResources=true
[2020.03.30-12.25.14:786][  0]LogSlate: InvalidateAllWidgets triggered.  All widgets were invalidated
[2020.03.30-12.25.14:786][  0]MapCheck: New page: Map Check
[2020.03.30-12.25.14:786][  0]LightingResults: New page: Lighting Build
[2020.03.30-12.25.14:848][  0]LogUObjectHash: Compacting FUObjectHashTables data took   4.75ms
[2020.03.30-12.25.16:310][  0]LogAIModule: Creating AISystem for world ThirdPersonExampleMap
[2020.03.30-12.25.16:558][  0]LogEditorServer: Finished looking for orphan Actors (0.000 secs)
[2020.03.30-12.25.16:646][  0]LogUObjectHash: Compacting FUObjectHashTables data took  11.91ms
[2020.03.30-12.25.16:647][  0]Cmd: MAP CHECKDEP NOCLEARLOG
[2020.03.30-12.25.16:648][  0]MapCheck: Map check complete: 0 Error(s), 0 Warning(s), took 0,636ms to complete.
[2020.03.30-12.25.16:649][  0]LogFileHelpers: Loading map 'ThirdPersonExampleMap' took 1.865
[2020.03.30-12.25.16:937][  0]LogSlate: Updating window title bar state: overlay mode, drag disabled, window buttons hidden, title bar hidden
[2020.03.30-12.25.16:957][  0]LogSlate: Updating window title bar state: overlay mode, drag disabled, window buttons hidden, title bar hidden
[2020.03.30-12.25.16:979][  0]LogSlate: Updating window title bar state: overlay mode, drag disabled, window buttons hidden, title bar hidden
[2020.03.30-12.25.17:001][  0]LogSlate: Updating window title bar state: overlay mode, drag disabled, window buttons hidden, title bar hidden
[2020.03.30-12.25.17:015][  0]LogCollectionManager: Loaded 0 collections in 0.006074 seconds
[2020.03.30-12.25.17:065][  0]LogFileCache: Scanning file cache for directory 'C:/Users/AforA/Documents/Unreal Projects/DishGame/Saved/Collections/' took 0.00s
[2020.03.30-12.25.17:066][  0]LogFileCache: Scanning file cache for directory 'C:/Users/AforA/Documents/Unreal Projects/DishGame/Content/Developers/AforA/Collections/' took 0.00s
[2020.03.30-12.25.17:066][  0]LogFileCache: Scanning file cache for directory 'C:/Users/AforA/Documents/Unreal Projects/DishGame/Content/Collections/' took 0.00s
[2020.03.30-12.25.17:066][  0]LogContentBrowser: Native class hierarchy populated in 0.0349 seconds. Added 3015 classes and 717 folders.
[2020.03.30-12.25.17:072][  0]LogContentBrowser: Native class hierarchy updated for 'WidgetCarousel' in 0.0006 seconds. Added 0 classes and 0 folders.
[2020.03.30-12.25.17:231][  0]LogContentBrowser: Native class hierarchy updated for 'AddContentDialog' in 0.0007 seconds. Added 0 classes and 0 folders.
[2020.03.30-12.25.17:240][  0]LogContentBrowser: Native class hierarchy updated for 'SceneOutliner' in 0.0008 seconds. Added 2 classes and 3 folders.
[2020.03.30-12.25.17:533][  0]LogSlate: Took 0.000422 seconds to synchronously load lazily loaded font '../../../Engine/Content/Slate/Fonts/Roboto-Regular.ttf' (155K)
[2020.03.30-12.25.17:538][  0]LogSlate: Took 0.000325 seconds to synchronously load lazily loaded font '../../../Engine/Content/Slate/Fonts/Roboto-Bold.ttf' (160K)
[2020.03.30-12.25.17:549][  0]LogSlate: Took 0.000337 seconds to synchronously load lazily loaded font '../../../Engine/Content/Editor/Slate/Fonts/FontAwesome.ttf' (139K)
[2020.03.30-12.25.17:849][  0]LogRenderer: Reallocating scene render targets to support 1212x624 Format 10 NumSamples 1 (Frame:1).
[2020.03.30-12.25.18:642][  0]LogContentBrowser: Native class hierarchy updated for 'HierarchicalLODOutliner' in 0.0006 seconds. Added 0 classes and 0 folders.
[2020.03.30-12.25.18:643][  0]LogLoad: (Engine Initialization) Total time: 30.78 seconds
[2020.03.30-12.25.18:643][  0]LogLoad: (Engine Initialization) Total Blueprint compile time: 0.00 seconds
[2020.03.30-12.25.18:738][  0]LogContentStreaming: Texture pool size now 1000 MB
[2020.03.30-12.25.18:786][  0]LogSlate: Took 0.000391 seconds to synchronously load lazily loaded font '../../../Engine/Content/Slate/Fonts/Roboto-Light.ttf' (167K)
[2020.03.30-12.25.19:224][  2]LogAssetRegistry: Asset discovery search completed in 17.8221 seconds
[2020.03.30-12.25.19:240][  2]LogCollectionManager: Fixed up redirectors for 0 collections in 0.000022 seconds (updated 0 objects)
[2020.03.30-12.25.21:058][133]LogEditorViewport: Clicking on Actor (LMB): ThirdPersonCharacter_C (ThirdPersonCharacter)
[2020.03.30-12.25.23:349][183]LogSlate: Took 0.000376 seconds to synchronously load lazily loaded font '../../../Engine/Content/Slate/Fonts/Roboto-Italic.ttf' (157K)
[2020.03.30-12.26.02:996][127]LogEditorViewport: Clicking on Component (LMB): CameraComponent (FollowCamera)
[2020.03.30-12.26.22:202][ 96]Cmd: TRANSACTION UNDO
[2020.03.30-12.26.22:202][ 96]LogEditorTransaction: Undo Clicking on Component (tree view)
[2020.03.30-12.26.22:333][ 96]LogSlate: Took 0.000569 seconds to synchronously load lazily loaded font '../../../Engine/Content/Slate/Fonts/Roboto-Light.ttf' (167K)
[2020.03.30-12.26.23:133][125]Cmd: TRANSACTION UNDO
[2020.03.30-12.26.23:133][125]LogEditorTransaction: Undo Clicking on Components
[2020.03.30-12.26.23:721][154]Cmd: TRANSACTION UNDO
[2020.03.30-12.26.23:721][154]LogEditorTransaction: Undo Modify Component(s)
[2020.03.30-12.26.48:949][309]LogAssetEditorSubsystem: Opening Asset editor for Blueprint /Game/ThirdPersonBP/Blueprints/ThirdPersonCharacter.ThirdPersonCharacter
[2020.03.30-12.26.49:572][309]LogContentBrowser: Native class hierarchy updated for 'BlueprintGraph' in 0.0024 seconds. Added 121 classes and 0 folders.
[2020.03.30-12.26.52:348][309]LogSlate: Took 0.000343 seconds to synchronously load lazily loaded font '../../../Engine/Content/Slate/Fonts/Roboto-BoldCondensed.ttf' (158K)
[2020.03.30-12.26.54:665][382]LogSlate: Window 'ThirdPersonCharacter' being destroyed
[2020.03.30-12.27.46:231][995]LogRenderer: Reallocating scene render targets to support 1212x628 Format 10 NumSamples 1 (Frame:1).
[2020.03.30-12.28.21:879][ 24]LogEditorTransaction: Undo Modify Component(s)
[2020.03.30-12.28.23:033][ 93]LogEditorTransaction: Undo Modify Component(s)
[2020.03.30-12.28.58:821][913]LogWorld: UWorld::CleanupWorld for World_2, bSessionEnded=true, bCleanupResources=true
[2020.03.30-12.28.58:821][913]LogSlate: InvalidateAllWidgets triggered.  All widgets were invalidated
